  cmodel.cpp
E:\Microsoft Visual Studio Projects\CudaHomework01\CudaRuntime1\inc\mat3f.h(141,17): warning C4267: “参数”: 从“size_t”转换到“int”，可能丢失数据
  (编译源文件“src/cmodel.cpp”)
  
E:\Microsoft Visual Studio Projects\CudaHomework01\CudaRuntime1\inc\mat3f.h(332,15): warning C4244: “初始化”: 从“double”转换到“float”，可能丢失数据
  (编译源文件“src/cmodel.cpp”)
  
E:\Microsoft Visual Studio Projects\CudaHomework01\CudaRuntime1\inc\mat3f.h(342,53): warning C4244: “=”: 从“double”转换到“float”，可能丢失数据
  (编译源文件“src/cmodel.cpp”)
  
E:\Microsoft Visual Studio Projects\CudaHomework01\CudaRuntime1\inc\mat3f.h(343,53): warning C4244: “=”: 从“double”转换到“float”，可能丢失数据
  (编译源文件“src/cmodel.cpp”)
  
E:\Microsoft Visual Studio Projects\CudaHomework01\CudaRuntime1\inc\mat3f.h(344,53): warning C4244: “=”: 从“double”转换到“float”，可能丢失数据
  (编译源文件“src/cmodel.cpp”)
  
E:\Microsoft Visual Studio Projects\CudaHomework01\CudaRuntime1\inc\mat3f.h(354,75): warning C4244: “参数”: 从“double”转换到“float”，可能丢失数据
  (编译源文件“src/cmodel.cpp”)
  
E:\Microsoft Visual Studio Projects\CudaHomework01\CudaRuntime1\inc\mat3f.h(358,52): warning C4244: “=”: 从“double”转换到“float”，可能丢失数据
  (编译源文件“src/cmodel.cpp”)
  
E:\Microsoft Visual Studio Projects\CudaHomework01\CudaRuntime1\inc\mat3f.h(359,52): warning C4244: “=”: 从“double”转换到“float”，可能丢失数据
  (编译源文件“src/cmodel.cpp”)
  
E:\Microsoft Visual Studio Projects\CudaHomework01\CudaRuntime1\inc\mat3f.h(360,52): warning C4244: “=”: 从“double”转换到“float”，可能丢失数据
  (编译源文件“src/cmodel.cpp”)
  
E:\Microsoft Visual Studio Projects\CudaHomework01\CudaRuntime1\inc\aabb.h(232,14): warning C4244: “参数”: 从“double”转换到“float”，可能丢失数据
  (编译源文件“src/cmodel.cpp”)
  
E:\Microsoft Visual Studio Projects\CudaHomework01\CudaRuntime1\inc\aabb.h(233,14): warning C4244: “参数”: 从“double”转换到“float”，可能丢失数据
  (编译源文件“src/cmodel.cpp”)
  
E:\Microsoft Visual Studio Projects\CudaHomework01\CudaRuntime1\inc\aabb.h(234,14): warning C4244: “参数”: 从“double”转换到“float”，可能丢失数据
  (编译源文件“src/cmodel.cpp”)
  
E:\Microsoft Visual Studio Projects\CudaHomework01\CudaRuntime1\inc\aabb.h(271,14): warning C4244: “参数”: 从“double”转换到“float”，可能丢失数据
  (编译源文件“src/cmodel.cpp”)
  
E:\Microsoft Visual Studio Projects\CudaHomework01\CudaRuntime1\inc\aabb.h(272,14): warning C4244: “参数”: 从“double”转换到“float”，可能丢失数据
  (编译源文件“src/cmodel.cpp”)
  
E:\Microsoft Visual Studio Projects\CudaHomework01\CudaRuntime1\inc\aabb.h(273,14): warning C4244: “参数”: 从“double”转换到“float”，可能丢失数据
  (编译源文件“src/cmodel.cpp”)
  
E:\Microsoft Visual Studio Projects\CudaHomework01\CudaRuntime1\inc\aabb.h(311,12): warning C4244: “初始化”: 从“double”转换到“float”，可能丢失数据
  (编译源文件“src/cmodel.cpp”)
  
E:\Microsoft Visual Studio Projects\CudaHomework01\CudaRuntime1\inc\aabb.h(312,12): warning C4244: “初始化”: 从“double”转换到“float”，可能丢失数据
  (编译源文件“src/cmodel.cpp”)
  
E:\Microsoft Visual Studio Projects\CudaHomework01\CudaRuntime1\inc\aabb.h(313,12): warning C4244: “初始化”: 从“double”转换到“float”，可能丢失数据
  (编译源文件“src/cmodel.cpp”)
  
E:\Microsoft Visual Studio Projects\CudaHomework01\CudaRuntime1\inc\aabb.h(314,39): warning C4244: “参数”: 从“const double”转换到“float”，可能丢失数据
  (编译源文件“src/cmodel.cpp”)
  
E:\Microsoft Visual Studio Projects\CudaHomework01\CudaRuntime1\inc\aabb.h(314,71): warning C4244: “参数”: 从“const double”转换到“float”，可能丢失数据
  (编译源文件“src/cmodel.cpp”)
  
E:\Microsoft Visual Studio Projects\CudaHomework01\CudaRuntime1\inc\aabb.h(314,103): warning C4244: “参数”: 从“const double”转换到“float”，可能丢失数据
  (编译源文件“src/cmodel.cpp”)
  
E:\Microsoft Visual Studio Projects\CudaHomework01\CudaRuntime1\inc\aabb.h(314,11): warning C4244: “初始化”: 从“double”转换到“float”，可能丢失数据
  (编译源文件“src/cmodel.cpp”)
  
E:\Microsoft Visual Studio Projects\CudaHomework01\CudaRuntime1\inc\aabb.h(318,16): warning C4244: “初始化”: 从“double”转换到“float”，可能丢失数据
  (编译源文件“src/cmodel.cpp”)
  
E:\Microsoft Visual Studio Projects\CudaHomework01\CudaRuntime1\inc\aabb.h(319,16): warning C4244: “初始化”: 从“double”转换到“float”，可能丢失数据
  (编译源文件“src/cmodel.cpp”)
  
E:\Microsoft Visual Studio Projects\CudaHomework01\CudaRuntime1\inc\aabb.h(326,12): warning C4244: “初始化”: 从“double”转换到“float”，可能丢失数据
  (编译源文件“src/cmodel.cpp”)
  
E:\Microsoft Visual Studio Projects\CudaHomework01\CudaRuntime1\inc\aabb.h(327,12): warning C4244: “初始化”: 从“double”转换到“float”，可能丢失数据
  (编译源文件“src/cmodel.cpp”)
  
E:\Microsoft Visual Studio Projects\CudaHomework01\CudaRuntime1\inc\aabb.h(328,12): warning C4244: “初始化”: 从“double”转换到“float”，可能丢失数据
  (编译源文件“src/cmodel.cpp”)
  
E:\Microsoft Visual Studio Projects\CudaHomework01\CudaRuntime1\inc\aabb.h(329,39): warning C4244: “参数”: 从“const double”转换到“float”，可能丢失数据
  (编译源文件“src/cmodel.cpp”)
  
E:\Microsoft Visual Studio Projects\CudaHomework01\CudaRuntime1\inc\aabb.h(329,71): warning C4244: “参数”: 从“const double”转换到“float”，可能丢失数据
  (编译源文件“src/cmodel.cpp”)
  
E:\Microsoft Visual Studio Projects\CudaHomework01\CudaRuntime1\inc\aabb.h(329,103): warning C4244: “参数”: 从“const double”转换到“float”，可能丢失数据
  (编译源文件“src/cmodel.cpp”)
  
E:\Microsoft Visual Studio Projects\CudaHomework01\CudaRuntime1\inc\aabb.h(329,11): warning C4244: “初始化”: 从“double”转换到“float”，可能丢失数据
  (编译源文件“src/cmodel.cpp”)
  
E:\Microsoft Visual Studio Projects\CudaHomework01\CudaRuntime1\inc\aabb.h(333,16): warning C4244: “初始化”: 从“double”转换到“float”，可能丢失数据
  (编译源文件“src/cmodel.cpp”)
  
E:\Microsoft Visual Studio Projects\CudaHomework01\CudaRuntime1\inc\aabb.h(334,16): warning C4244: “初始化”: 从“double”转换到“float”，可能丢失数据
  (编译源文件“src/cmodel.cpp”)
  
E:\Microsoft Visual Studio Projects\CudaHomework01\CudaRuntime1\src\cmodel.cpp(68,3): warning C4996: 'strcpy': This function or variable may be unsafe. Consider using strcpy_s instead. To disable deprecation, use _CRT_SECURE_NO_WARNINGS. See online help for details.
E:\Microsoft Visual Studio Projects\CudaHomework01\CudaRuntime1\src\cmodel.cpp(82,3): warning C4996: 'strcpy': This function or variable may be unsafe. Consider using strcpy_s instead. To disable deprecation, use _CRT_SECURE_NO_WARNINGS. See online help for details.
E:\Microsoft Visual Studio Projects\CudaHomework01\CudaRuntime1\src\cmodel.cpp(212,26): warning C4244: “参数”: 从“double”转换到“const float”，可能丢失数据
E:\Microsoft Visual Studio Projects\CudaHomework01\CudaRuntime1\src\cmodel.cpp(212,23): warning C4244: “参数”: 从“double”转换到“const float”，可能丢失数据
E:\Microsoft Visual Studio Projects\CudaHomework01\CudaRuntime1\src\cmodel.cpp(212,20): warning C4244: “参数”: 从“double”转换到“const float”，可能丢失数据
E:\Microsoft Visual Studio Projects\CudaHomework01\CudaRuntime1\src\cmodel.cpp(212,17): warning C4244: “参数”: 从“double”转换到“const float”，可能丢失数据
E:\Microsoft Visual Studio Projects\CudaHomework01\CudaRuntime1\src\cmodel.cpp(293,22): warning C4267: “=”: 从“size_t”转换到“unsigned int”，可能丢失数据
E:\Microsoft Visual Studio Projects\CudaHomework01\CudaRuntime1\src\cmodel.cpp(298,13): warning C4267: “初始化”: 从“size_t”转换到“int”，可能丢失数据
E:\Microsoft Visual Studio Projects\CudaHomework01\CudaRuntime1\src\cmodel.cpp(303,30): warning C4018: “<”: 有符号/无符号不匹配
E:\Microsoft Visual Studio Projects\CudaHomework01\CudaRuntime1\src\cmodel.cpp(307,22): warning C4267: “=”: 从“size_t”转换到“unsigned int”，可能丢失数据
E:\Microsoft Visual Studio Projects\CudaHomework01\CudaRuntime1\src\cmodel.cpp(312,14): warning C4267: “初始化”: 从“size_t”转换到“int”，可能丢失数据
E:\Microsoft Visual Studio Projects\CudaHomework01\CudaRuntime1\src\cmodel.cpp(317,30): warning C4018: “<”: 有符号/无符号不匹配
E:\Microsoft Visual Studio Projects\CudaHomework01\CudaRuntime1\src\cmodel.cpp(327,74): warning C4244: “参数”: 从“const double”转换到“const float”，可能丢失数据
E:\Microsoft Visual Studio Projects\CudaHomework01\CudaRuntime1\src\cmodel.cpp(327,65): warning C4244: “参数”: 从“const double”转换到“const float”，可能丢失数据
E:\Microsoft Visual Studio Projects\CudaHomework01\CudaRuntime1\src\cmodel.cpp(327,56): warning C4244: “参数”: 从“const double”转换到“const float”，可能丢失数据
E:\Microsoft Visual Studio Projects\CudaHomework01\CudaRuntime1\src\cmodel.cpp(499,13): warning C4244: “初始化”: 从“double”转换到“float”，可能丢失数据
E:\Microsoft Visual Studio Projects\CudaHomework01\CudaRuntime1\src\cmodel.cpp(533,20): warning C4018: “<”: 有符号/无符号不匹配
E:\Microsoft Visual Studio Projects\CudaHomework01\CudaRuntime1\src\cmodel.cpp(537,21): warning C4018: “<”: 有符号/无符号不匹配
  obj-viewer.cpp
  Note: including lib: glut32.lib
  正在生成代码...
    正在创建库 E:\Microsoft Visual Studio Projects\CudaHomework01\CudaRuntime1\x64\Debug\CudaHomeWork01.lib 和对象 E:\Microsoft Visual Studio Projects\CudaHomework01\CudaRuntime1\x64\Debug\CudaHomeWork01.exp
LINK : warning LNK4098: 默认库“LIBCMT”与其他库的使用冲突；请使用 /NODEFAULTLIB:library
  CudaRuntime1.vcxproj -> E:\Microsoft Visual Studio Projects\CudaHomework01\CudaRuntime1\x64\Debug\CudaHomeWork01.exe
